<?xml version="1.0" encoding="UTF-8"?>
<testng-results ignored="0" total="1" passed="1" failed="0" skipped="0">
  <reporter-output>
  </reporter-output>
  <suite started-at="2023-07-24T17:48:51 IST" name="Default suite" finished-at="2023-07-24T17:54:25 IST" duration-ms="333739">
    <groups>
    </groups>
    <test started-at="2023-07-24T17:48:51 IST" name="Default test" finished-at="2023-07-24T17:54:25 IST" duration-ms="333739">
      <class name="com.tests.SaucedemoMobile">
        <test-method is-config="true" signature="ShoppingCart()[pri:0, instance:com.tests.SaucedemoMobile@4b0d79fc]" started-at="2023-07-24T17:48:51 IST" name="ShoppingCart" finished-at="2023-07-24T17:50:41 IST" duration-ms="110292" status="PASS">
          <reporter-output>
          </reporter-output>
        </test-method> <!-- ShoppingCart -->
        <test-method signature="OnineShoppingCart()[pri:1, instance:com.tests.SaucedemoMobile@4b0d79fc]" started-at="2023-07-24T17:50:41 IST" name="OnineShoppingCart" finished-at="2023-07-24T17:54:25 IST" duration-ms="223336" status="PASS">
          <reporter-output>
          </reporter-output>
        </test-method> <!-- OnineShoppingCart -->
      </class> <!-- com.tests.SaucedemoMobile -->
    </test> <!-- Default test -->
  </suite> <!-- Default suite -->
</testng-results>
